# JRE version: Java(TM) SE Runtime Environment (17.0.11+7) (build 17.0.11+7-LTS-207)
# Java VM: Java HotSpot(TM) 64-Bit Server VM (17.0.11+7-LTS-207, mixed mode, sharing, tiered, compressed oops, compressed class ptrs, g1 gc, windows-amd64)
GC Precious Log:
 CPUs: 24 total, 24 available
 Memory: 65168M
 Large Page Support: Disabled
 NUMA Support: Disabled
 Compressed Oops: Enabled (Zero based)
 Heap Region Size: 8M
 Heap Min Capacity: 8M
 Heap Initial Capacity: 1G
 Heap Max Capacity: 16296M
 Pre-touch: Disabled
 Parallel Workers: 18
 Concurrent Workers: 5
 Concurrent Refinement Workers: 18
 Periodic GC: Disabled
Heap:
 garbage-first heap   total 2129920K, used 931239K [0x0000000405800000, 0x0000000800000000)
  region size 8192K, 28 young (229376K), 2 survivors (16384K)
 Metaspace       used 22827K, committed 23104K, reserved 1114112K
  class space    used 2156K, committed 2304K, reserved 1048576K
GC Heap History (20 events):
Event: 4.812 GC heap before
{Heap before GC invocations=2 (full 0):
 garbage-first heap   total 1048576K, used 55802K [0x0000000405800000, 0x0000000800000000)
  region size 8192K, 8 young (65536K), 1 survivors (8192K)
 Metaspace       used 21316K, committed 21504K, reserved 1114112K
  class space    used 2000K, committed 2112K, reserved 1048576K
}
Event: 4.815 GC heap after
{Heap after GC invocations=3 (full 0):
 garbage-first heap   total 1048576K, used 25456K [0x0000000405800000, 0x0000000800000000)
  region size 8192K, 2 young (16384K), 2 survivors (16384K)
 Metaspace       used 21316K, committed 21504K, reserved 1114112K
  class space    used 2000K, committed 2112K, reserved 1048576K
}
Event: 5.198 GC heap before
{Heap before GC invocations=4 (full 0):
 garbage-first heap   total 139264K, used 90992K [0x0000000405800000, 0x0000000800000000)
  region size 8192K, 9 young (73728K), 2 survivors (16384K)
 Metaspace       used 21613K, committed 21824K, reserved 1114112K
  class space    used 2040K, committed 2176K, reserved 1048576K
}
Event: 5.202 GC heap after
{Heap after GC invocations=5 (full 0):
 garbage-first heap   total 163840K, used 81188K [0x0000000405800000, 0x0000000800000000)
  region size 8192K, 2 young (16384K), 2 survivors (16384K)
 Metaspace       used 21613K, committed 21824K, reserved 1114112K
  class space    used 2040K, committed 2176K, reserved 1048576K
}
Event: 5.205 GC heap before
{Heap before GC invocations=5 (full 0):
 garbage-first heap   total 163840K, used 89380K [0x0000000405800000, 0x0000000800000000)
  region size 8192K, 3 young (24576K), 2 survivors (16384K)
 Metaspace       used 21613K, committed 21824K, reserved 1114112K
  class space    used 2040K, committed 2176K, reserved 1048576K
}
Event: 5.207 GC heap after
{Heap after GC invocations=6 (full 0):
 garbage-first heap   total 163840K, used 85647K [0x0000000405800000, 0x0000000800000000)
  region size 8192K, 0 young (0K), 0 survivors (0K)
 Metaspace       used 21613K, committed 21824K, reserved 1114112K
  class space    used 2040K, committed 2176K, reserved 1048576K
}
Event: 5.210 GC heap before
{Heap before GC invocations=6 (full 0):
 garbage-first heap   total 163840K, used 85647K [0x0000000405800000, 0x0000000800000000)
  region size 8192K, 1 young (8192K), 0 survivors (0K)
 Metaspace       used 21613K, committed 21824K, reserved 1114112K
  class space    used 2040K, committed 2176K, reserved 1048576K
}
Event: 5.210 GC heap after
{Heap after GC invocations=7 (full 0):
 garbage-first heap   total 606208K, used 85689K [0x0000000405800000, 0x0000000800000000)
  region size 8192K, 1 young (8192K), 1 survivors (8192K)
 Metaspace       used 21613K, committed 21824K, reserved 1114112K
  class space    used 2040K, committed 2176K, reserved 1048576K
}
Event: 5.458 GC heap before
{Heap before GC invocations=7 (full 0):
 garbage-first heap   total 606208K, used 347833K [0x0000000405800000, 0x0000000800000000)
  region size 8192K, 28 young (229376K), 1 survivors (8192K)
 Metaspace       used 21847K, committed 22080K, reserved 1114112K
  class space    used 2056K, committed 2176K, reserved 1048576K
}
Event: 5.460 GC heap after
{Heap after GC invocations=8 (full 0):
 garbage-first heap   total 606208K, used 90212K [0x0000000405800000, 0x0000000800000000)
  region size 8192K, 1 young (8192K), 1 survivors (8192K)
 Metaspace       used 21847K, committed 22080K, reserved 1114112K
  class space    used 2056K, committed 2176K, reserved 1048576K
}
Event: 5.553 GC heap before
{Heap before GC invocations=8 (full 0):
 garbage-first heap   total 606208K, used 360548K [0x0000000405800000, 0x0000000800000000)
  region size 8192K, 14 young (114688K), 1 survivors (8192K)
 Metaspace       used 21854K, committed 22080K, reserved 1114112K
  class space    used 2056K, committed 2176K, reserved 1048576K
}
Event: 5.566 GC heap after
{Heap after GC invocations=9 (full 0):
 garbage-first heap   total 606208K, used 339554K [0x0000000405800000, 0x0000000800000000)
  region size 8192K, 6 young (49152K), 6 survivors (49152K)
 Metaspace       used 21854K, committed 22080K, reserved 1114112K
  class space    used 2056K, committed 2176K, reserved 1048576K
}
Event: 5.597 GC heap before
{Heap before GC invocations=10 (full 0):
 garbage-first heap   total 671744K, used 388706K [0x0000000405800000, 0x0000000800000000)
  region size 8192K, 7 young (57344K), 6 survivors (49152K)
 Metaspace       used 21854K, committed 22080K, reserved 1114112K
  class space    used 2056K, committed 2176K, reserved 1048576K
}
Event: 5.603 GC heap after
{Heap after GC invocations=11 (full 0):
 garbage-first heap   total 671744K, used 392233K [0x0000000405800000, 0x0000000800000000)
  region size 8192K, 1 young (8192K), 1 survivors (8192K)
 Metaspace       used 21854K, committed 22080K, reserved 1114112K
  class space    used 2056K, committed 2176K, reserved 1048576K
}
Event: 5.642 GC heap before
{Heap before GC invocations=12 (full 0):
 garbage-first heap   total 778240K, used 498729K [0x0000000405800000, 0x0000000800000000)
  region size 8192K, 12 young (98304K), 1 survivors (8192K)
 Metaspace       used 21855K, committed 22080K, reserved 1114112K
  class space    used 2056K, committed 2176K, reserved 1048576K
}
Event: 5.652 GC heap after
{Heap after GC invocations=13 (full 0):
 garbage-first heap   total 778240K, used 507238K [0x0000000405800000, 0x0000000800000000)
  region size 8192K, 2 young (16384K), 2 survivors (16384K)
 Metaspace       used 21855K, committed 22080K, reserved 1114112K
  class space    used 2056K, committed 2176K, reserved 1048576K
}
Event: 5.771 GC heap before
{Heap before GC invocations=14 (full 0):
 garbage-first heap   total 1064960K, used 777574K [0x0000000405800000, 0x0000000800000000)
  region size 8192K, 11 young (90112K), 2 survivors (16384K)
 Metaspace       used 21855K, committed 22080K, reserved 1114112K
  class space    used 2056K, committed 2176K, reserved 1048576K
}
Event: 5.775 GC heap after
{Heap after GC invocations=15 (full 0):
 garbage-first heap   total 1064960K, used 709061K [0x0000000405800000, 0x0000000800000000)
  region size 8192K, 1 young (8192K), 1 survivors (8192K)
 Metaspace       used 21855K, committed 22080K, reserved 1114112K
  class space    used 2056K, committed 2176K, reserved 1048576K
}
Event: 6.037 GC heap before
{Heap before GC invocations=15 (full 0):
 garbage-first heap   total 1064960K, used 815557K [0x0000000405800000, 0x0000000800000000)
  region size 8192K, 15 young (122880K), 1 survivors (8192K)
 Metaspace       used 22569K, committed 22784K, reserved 1114112K
  class space    used 2138K, committed 2240K, reserved 1048576K
}
Event: 6.041 GC heap after
{Heap after GC invocations=16 (full 0):
 garbage-first heap   total 2129920K, used 734631K [0x0000000405800000, 0x0000000800000000)
  region size 8192K, 2 young (16384K), 2 survivors (16384K)
 Metaspace       used 22569K, committed 22784K, reserved 1114112K
  class space    used 2138K, committed 2240K, reserved 1048576K
}

